----------------------------------------------------------------------------------------------
      name:  <unnamed>
       log:  /Users/doheun/Documents/Stata/IODS_2025/output/log/dv23.log
  log type:  text
 opened on:   9 Dec 2025, 15:24:57
t1   t7   t13  t19  t25  t31  t37  t43  t49  t55  t61  t67  t73  t79  t85  t91
t2   t8   t14  t20  t26  t32  t38  t44  t50  t56  t62  t68  t74  t80  t86  t92
t3   t9   t15  t21  t27  t33  t39  t45  t51  t57  t63  t69  t75  t81  t87  t93
t4   t10  t16  t22  t28  t34  t40  t46  t52  t58  t64  t70  t76  t82  t88  t94
t5   t11  t17  t23  t29  t35  t41  t47  t53  t59  t65  t71  t77  t83  t89  t95
t6   t12  t18  t24  t30  t36  t42  t48  t54  t60  t66  t72  t78  t84  t90  t96
(j = 1 2 3)

Data                               Long   ->   Wide
-----------------------------------------------------------------------------
Number of observations           29,271   ->   9,757       
Number of variables                  13   ->   34          
j variable (3 values)                m1   ->   (dropped)
xij variables:
                                   year   ->   year1 year2 year3
                                   D_mm   ->   D_mm1 D_mm2 D_mm3
                                   D_dd   ->   D_dd1 D_dd2 D_dd3
                            D_dayOfWeek   ->   D_dayOfWeek1 D_dayOfWeek2 D_dayOfWeek3
                              D_weekend   ->   D_weekend1 D_weekend2 D_weekend3
                                D_spday   ->   D_spday1 D_spday2 D_spday3
                               OTT_hour   ->   OTT_hour1 OTT_hour2 OTT_hour3
                         composite_hour   ->   composite_hour1 composite_hour2 composite_hour3
                             sleep_hour   ->   sleep_hour1 sleep_hour2 sleep_hour3
                           working_hour   ->   working_hour1 working_hour2 working_hour3
                             media_hour   ->   media_hour1 media_hour2 media_hour3
-----------------------------------------------------------------------------
(file ./final_data/temp/d23v31.dta not found)
file ./final_data/temp/d23v31.dta saved
      name:  <unnamed>
       log:  /Users/doheun/Documents/Stata/IODS_2025/output/log/dv23.log
  log type:  text
 closed on:   9 Dec 2025, 15:25:00
----------------------------------------------------------------------------------------------
