----------------------------------------------------------------------------------------------
      name:  <unnamed>
       log:  /Users/doheun/Documents/Stata/IODS_2025/output/log/regression.log
  log type:  text
 opened on:   9 Dec 2025, 15:48:53

. 
. use "./final_data/OTT_media_panel.dta", clear

. 
. 
. * 분석에 사용할 공통 샘플
. drop if D_spday1 == 1 | D_spday2 == 1 | D_spday3 == 1 // drop special day
(19 observations deleted)

. gen common_sample = 1

. replace common_sample = 0 if missing(m_OTT1) | m_OTT1 == 1 | missing(m_OTT2) | m_OTT2 == 1 |
>  missing(m_OTT3) | m_OTT3 == 1
(717 real changes made)

. 
. 
. 
. *Day1
. zoib m_OTT1 lnWage i.D_weekend1  log_total_media_hour1 i.employment_type i.age i.area_siz i.
> hhldsiz i.gender i.school i.year_month1 if common_sample == 1, zeroinflate(lnWage i.D_weeken
> d1 log_total_media_hour1 i.employment_type i.age i.area_siz i.hhldsiz i.gender i.school i.ye
> ar_month1)  noone //robust cluster(pid) // suest 실행시 robust cluster(pid)는 주석 처리
warning: m_OTT1 has 158 values == 1; not used in calculations

Iteration 0:   log likelihood = -11468.203  
Iteration 1:   log likelihood =  -9371.932  
Iteration 2:   log likelihood = -8850.5533  
Iteration 3:   log likelihood = -8840.2069  
Iteration 4:   log likelihood = -8840.1495  
Iteration 5:   log likelihood = -8840.1481  
Iteration 6:   log likelihood = -8840.1479  
Iteration 7:   log likelihood = -8840.1479  

ML fit of zib                                          Number of obs =  25,767
                                                       Wald chi2(35) = 1247.45
Log likelihood = -8840.1479                            Prob > chi2   =  0.0000

---------------------------------------------------------------------------------------
               m_OTT1 | Coefficient  Std. err.      z    P>|z|     [95% conf. interval]
----------------------+----------------------------------------------------------------
proportion            |
               lnWage |   .0705905   .0248856     2.84   0.005     .0218156    .1193653
                      |
           D_weekend1 |
                주말  |  -.1028746    .024905    -4.13   0.000    -.1516876   -.0540617
log_total_media_hour1 |  -.4780793   .0241402   -19.80   0.000    -.5253932   -.4307655
                      |
      employment_type |
         임근 근로자  |   -.033755   .0511291    -0.66   0.509    -.1339661    .0664562
              고용주  |   .0670712   .0980579     0.68   0.494    -.1251187     .259261
       단독 자영업자  |  -.0613614   .0598297    -1.03   0.305    -.1786254    .0559026
                      |
                  age |
          만 20-29세  |  -.4372773   .2138255    -2.05   0.041    -.8563675   -.0181871
          만 30-39세  |  -.5180322   .2144555    -2.42   0.016    -.9383573   -.0977071
          만 40-49세  |  -.6953708   .2142529    -3.25   0.001    -1.115299   -.2754429
          만 50-59세  |   -.816293   .2142186    -3.81   0.000    -1.236154   -.3964322
          만 60-69세  |   -.863214   .2147973    -4.02   0.000    -1.284209    -.442219
        만 70세 이상  |  -.9986668   .2186592    -4.57   0.000    -1.427231   -.5701026
                      |
             area_siz |
                군부  |  -.1684809   .0458987    -3.67   0.000    -.2584406   -.0785212
                      |
              hhldsiz |
            2인 가구  |   .0420251   .0533629     0.79   0.431    -.0625643    .1466145
       3인 이상 가구  |   .0552219   .0497471     1.11   0.267    -.0422807    .1527244
                      |
               gender |
                  여  |   .0384363   .0226299     1.70   0.089    -.0059175    .0827902
                      |
               school |
           중졸 이하  |  -.0626359   .0972707    -0.64   0.520    -.2532829    .1280111
           고졸 이하  |   .0420427   .0888273     0.47   0.636    -.1320557    .2161411
           대졸 이하  |   .1643688   .0915175     1.80   0.072    -.0150021    .3437398
    대학원 재학 이상  |   .3570022   .1148745     3.11   0.002     .1318524     .582152
                      |
          year_month1 |
                   2  |   .2360654   .1838733     1.28   0.199    -.1243197    .5964505
                   3  |   .3166903    .189671     1.67   0.095     -.055058    .6884385
                   4  |  -.3779398   .9041347    -0.42   0.676    -2.150011    1.394132
                   5  |  -.0981421   .9440084    -0.10   0.917    -1.948365     1.75208
                   6  |   .4565566   .2549164     1.79   0.073    -.0430702    .9561835
                   7  |   .3534726   .1829577     1.93   0.053    -.0051179     .712063
                   8  |   .2020276   .1830577     1.10   0.270    -.1567589    .5608142
                   9  |    .631391   .2459623     2.57   0.010     .1493137    1.113468
                  10  |   .4837456   .1849984     2.61   0.009     .1211554    .8463358
                  11  |   .2903666    .182239     1.59   0.111    -.0668152    .6475484
                  12  |   .1510135   .1828276     0.83   0.409    -.2073219     .509349
                  13  |   .6397843   .2126009     3.01   0.003     .2230942    1.056474
                  14  |   .4996396    .240791     2.07   0.038     .0276978    .9715813
                  15  |   .3508226   .1817201     1.93   0.054    -.0053423    .7069874
                  16  |   .2170204   .1826772     1.19   0.235    -.1410204    .5750612
                      |
                _cons |   1.589087   .3431219     4.63   0.000     .9165801    2.261593
----------------------+----------------------------------------------------------------
zeroinflate           |
               lnWage |  -.0726242   .0365785    -1.99   0.047    -.1443167   -.0009317
                      |
           D_weekend1 |
                주말  |  -.0543363   .0375581    -1.45   0.148    -.1279488    .0192762
log_total_media_hour1 |  -.6322377   .0324229   -19.50   0.000    -.6957854     -.56869
                      |
      employment_type |
         임근 근로자  |  -.1944157   .0747387    -2.60   0.009    -.3409009   -.0479306
              고용주  |   .1788817   .1426174     1.25   0.210    -.1006433    .4584067
       단독 자영업자  |   .1152519   .0853685     1.35   0.177    -.0520673     .282571
                      |
                  age |
          만 20-29세  |  -.5402962   .3510151    -1.54   0.124    -1.228273    .1476806
          만 30-39세  |  -.3941446   .3517218    -1.12   0.262    -1.083507    .2952174
          만 40-49세  |  -.0171026   .3508123    -0.05   0.961    -.7046821     .670477
          만 50-59세  |   .2678575   .3506712     0.76   0.445    -.4194454    .9551605
          만 60-69세  |   .4152437    .351297     1.18   0.237    -.2732856    1.103773
        만 70세 이상  |   1.172432   .3554074     3.30   0.001     .4758459    1.869017
                      |
             area_siz |
                군부  |  -.0404842   .0675887    -0.60   0.549    -.1729557    .0919873
                      |
              hhldsiz |
            2인 가구  |  -.0707424   .0777191    -0.91   0.363     -.223069    .0815842
       3인 이상 가구  |  -.0614292   .0739346    -0.83   0.406    -.2063384    .0834799
                      |
               gender |
                  여  |   .0286028   .0353888     0.81   0.419    -.0407581    .0979636
                      |
               school |
           중졸 이하  |   -.893842   .1211017    -7.38   0.000    -1.131197   -.6564871
           고졸 이하  |  -1.256608   .1176766   -10.68   0.000     -1.48725   -1.025966
           대졸 이하  |  -1.309134   .1237246   -10.58   0.000     -1.55163   -1.066638
    대학원 재학 이상  |  -1.236242   .1674166    -7.38   0.000    -1.564372   -.9081113
                      |
          year_month1 |
                   2  |   -.320504   .2411524    -1.33   0.184     -.793154    .1521459
                   3  |    .056481    .248938     0.23   0.821    -.4314285    .5443904
                   4  |   1.699924   1.044171     1.63   0.104    -.3466141    3.746461
                   5  |  -16.01266   471.6627    -0.03   0.973    -940.4546    908.4293
                   6  |  -.7016435   .3565404    -1.97   0.049     -1.40045   -.0028371
                   7  |  -.9127847   .2402677    -3.80   0.000    -1.383701   -.4418687
                   8  |  -1.149194   .2406451    -4.78   0.000     -1.62085   -.6775385
                   9  |  -.1393024   .3330162    -0.42   0.676    -.7920022    .5133974
                  10  |  -1.647466   .2461396    -6.69   0.000     -2.12989   -1.165041
                  11  |  -1.543917   .2396738    -6.44   0.000    -2.013669   -1.074165
                  12  |  -1.820648   .2410645    -7.55   0.000    -2.293125    -1.34817
                  13  |  -1.548026   .3044715    -5.08   0.000    -2.144779    -.951273
                  14  |  -2.225491     .38478    -5.78   0.000    -2.979646   -1.471336
                  15  |  -1.785001   .2388221    -7.47   0.000    -2.253084   -1.316918
                  16  |  -1.840389   .2410112    -7.64   0.000    -2.312762   -1.368016
                      |
                _cons |   7.539137   .5015296    15.03   0.000     6.556157    8.522116
----------------------+----------------------------------------------------------------
ln_phi                |
                _cons |   1.845665    .017643   104.61   0.000     1.811085    1.880245
---------------------------------------------------------------------------------------

. estimates store m1

. 
. scalar beta1_Day1 = _b[proportion:lnWage]

. 
. ** Money Intensity 추정
. 
. su alpha_O1 if e(sample) == 1 // 대체탄력성 = 1.1702557

    Variable |        Obs        Mean    Std. dev.       Min        Max
-------------+---------------------------------------------------------
    alpha_O1 |     10,095    .4351368    .4777552          0          1

. scalar alpha_O1_hat = r(mean)

. su alpha_I1 if e(sample) == 1

    Variable |        Obs        Mean    Std. dev.       Min        Max
-------------+---------------------------------------------------------
    alpha_I1 |     25,767    .0091298    .0264876          0   .6603774

. scalar alpha_I1_hat = r(mean)

. 
. 
. 
. *Day2
. zoib m_OTT2 lnWage i.D_weekend2 log_total_media_hour2 i.employment_type i.age i.area_siz i.h
> hldsiz i.gender i.school i.year_month2 if common_sample == 1, zeroinflate(lnWage i.D_weekend
> 2 log_total_media_hour2 i.employment_type i.age i.area_siz i.hhldsiz i.gender i.school i.yea
> r_month2) noone //robust cluster(pid) // suest 실행시 robust cluster(pid)는 주석 처리
warning: m_OTT2 has 170 values == 1; not used in calculations

Iteration 0:   log likelihood =  -11535.71  
Iteration 1:   log likelihood = -9574.9238  
Iteration 2:   log likelihood =  -9137.406  
Iteration 3:   log likelihood = -9127.2033  
Iteration 4:   log likelihood = -9126.7606  
Iteration 5:   log likelihood = -9126.6559  
Iteration 6:   log likelihood = -9126.6333  
Iteration 7:   log likelihood = -9126.6286  
Iteration 8:   log likelihood = -9126.6275  
Iteration 9:   log likelihood = -9126.6273  
Iteration 10:  log likelihood = -9126.6272  
Iteration 11:  log likelihood = -9126.6272  

ML fit of zib                                           Number of obs = 25,767
                                                        Wald chi2(34) =      .
Log likelihood = -9126.6272                             Prob > chi2   =      .

---------------------------------------------------------------------------------------
               m_OTT2 | Coefficient  Std. err.      z    P>|z|     [95% conf. interval]
----------------------+----------------------------------------------------------------
proportion            |
               lnWage |   .0958827   .0257533     3.72   0.000     .0454073    .1463581
                      |
           D_weekend2 |
                주말  |  -.0279227   .0248483    -1.12   0.261    -.0766245    .0207791
log_total_media_hour2 |  -.4671386   .0243764   -19.16   0.000    -.5149155   -.4193617
                      |
      employment_type |
         임근 근로자  |  -.1082613   .0531846    -2.04   0.042    -.2125012   -.0040215
              고용주  |  -.1326179   .0990146    -1.34   0.180    -.3266829    .0614471
       단독 자영업자  |  -.0920921   .0609313    -1.51   0.131    -.2115151     .027331
                      |
                  age |
          만 20-29세  |  -.3330876   .2431221    -1.37   0.171    -.8095982     .143423
          만 30-39세  |  -.3832926   .2437311    -1.57   0.116    -.8609967    .0944115
          만 40-49세  |    -.55174   .2436067    -2.26   0.024      -1.0292   -.0742796
          만 50-59세  |  -.6783529   .2435807    -2.78   0.005    -1.155762   -.2009435
          만 60-69세  |  -.7476605   .2440396    -3.06   0.002    -1.225969   -.2693517
        만 70세 이상  |  -.8907369   .2463421    -3.62   0.000    -1.373559   -.4079152
                      |
             area_siz |
                군부  |  -.0808276   .0455379    -1.77   0.076    -.1700802    .0084251
                      |
              hhldsiz |
            2인 가구  |   .0819641   .0526393     1.56   0.119     -.021207    .1851353
       3인 이상 가구  |   .1475603   .0490716     3.01   0.003     .0513816    .2437389
                      |
               gender |
                  여  |    .043929   .0228364     1.92   0.054    -.0008295    .0886875
                      |
               school |
           중졸 이하  |  -.0985502   .0888451    -1.11   0.267    -.2726833     .075583
           고졸 이하  |  -.0936893   .0813573    -1.15   0.249    -.2531466     .065768
           대졸 이하  |   .0309137   .0843823     0.37   0.714    -.1344726    .1962999
    대학원 재학 이상  |   .0945169   .1118753     0.84   0.398    -.1247547    .3137885
                      |
          year_month2 |
                   2  |  -.0197754   .2627483    -0.08   0.940    -.5347525    .4952017
                   3  |   .0636874   .2658526     0.24   0.811    -.4573741    .5847488
                   4  |          0  (omitted)
                   5  |  -.4323566   .9685193    -0.45   0.655     -2.33062    1.465906
                   6  |   .4013346   .3207288     1.25   0.211    -.2272824    1.029952
                   7  |   .0576005    .262107     0.22   0.826    -.4561198    .5713207
                   8  |  -.0839938    .262049    -0.32   0.749    -.5976004    .4296129
                   9  |   .6933039   .2988809     2.32   0.020     .1075081      1.2791
                  10  |   .2112358   .2645191     0.80   0.425     -.307212    .7296837
                  11  |   .0501026   .2613891     0.19   0.848    -.4622107    .5624158
                  12  |  -.0948303   .2619123    -0.36   0.717    -.6081689    .4185083
                  13  |   .4124565   .2816948     1.46   0.143    -.1396551    .9645681
                  14  |   .2674857   .3239197     0.83   0.409    -.3673853    .9023567
                  15  |   .0705253   .2611738     0.27   0.787    -.4413659    .5824165
                  16  |   .0011109   .2618002     0.00   0.997    -.5120081    .5142299
                      |
                _cons |   1.619264   .4077487     3.97   0.000     .8200914    2.418437
----------------------+----------------------------------------------------------------
zeroinflate           |
               lnWage |  -.0307897   .0359284    -0.86   0.391     -.101208    .0396287
                      |
           D_weekend2 |
                주말  |  -.0249175   .0368376    -0.68   0.499    -.0971178    .0472829
log_total_media_hour2 |  -.5627858   .0314265   -17.91   0.000    -.6243807    -.501191
                      |
      employment_type |
         임근 근로자  |  -.3544026   .0732489    -4.84   0.000    -.4979677   -.2108375
              고용주  |  -.0164785   .1398491    -0.12   0.906    -.2905777    .2576207
       단독 자영업자  |  -.0400307   .0831488    -0.48   0.630    -.2029993    .1229378
                      |
                  age |
          만 20-29세  |  -.5902186   .3671666    -1.61   0.108    -1.309852    .1294148
          만 30-39세  |  -.4756315   .3677864    -1.29   0.196     -1.19648    .2452166
          만 40-49세  |  -.0757048   .3669388    -0.21   0.837    -.7948917    .6434821
          만 50-59세  |   .1183175   .3667465     0.32   0.747    -.6004925    .8371275
          만 60-69세  |   .1618572   .3672481     0.44   0.659    -.5579359    .8816504
        만 70세 이상  |   .8044335   .3705442     2.17   0.030     .0781801    1.530687
                      |
             area_siz |
                군부  |    .013022   .0666891     0.20   0.845    -.1176863    .1437303
                      |
              hhldsiz |
            2인 가구  |  -.0016692   .0749515    -0.02   0.982    -.1485714     .145233
       3인 이상 가구  |  -.0403685   .0714825    -0.56   0.572    -.1804717    .0997347
                      |
               gender |
                  여  |  -.0249572   .0349539    -0.71   0.475    -.0934655    .0435511
                      |
               school |
           중졸 이하  |  -.9108529   .1126409    -8.09   0.000    -1.131625   -.6900807
           고졸 이하  |  -1.250247   .1103707   -11.33   0.000    -1.466569   -1.033924
           대졸 이하  |  -1.287592   .1167548   -11.03   0.000    -1.516428   -1.058757
    대학원 재학 이상  |  -1.157766   .1637229    -7.07   0.000    -1.478657   -.8368747
                      |
          year_month2 |
                   2  |  -.8465107   .3509143    -2.41   0.016     -1.53429   -.1587313
                   3  |  -.5939228   .3551253    -1.67   0.094    -1.289956      .10211
                   4  |   13.89732   590.0818     0.02   0.981    -1142.642    1170.436
                   5  |  -21.58832   5769.539    -0.00   0.997    -11329.68     11286.5
                   6  |   -1.54965   .4471988    -3.47   0.001    -2.426144   -.6731568
                   7  |  -1.438429   .3503179    -4.11   0.000    -2.125039   -.7518182
                   8  |  -1.712374   .3503046    -4.89   0.000    -2.398958   -1.025789
                   9  |  -.6786575    .408456    -1.66   0.097    -1.479217    .1219016
                  10  |  -1.968466   .3557527    -5.53   0.000    -2.665728   -1.271203
                  11  |  -2.119588   .3496236    -6.06   0.000    -2.804837   -1.434338
                  12  |  -2.355682   .3506188    -6.72   0.000    -3.042882   -1.668482
                  13  |  -2.060117   .3918496    -5.26   0.000    -2.828128   -1.292105
                  14  |  -3.105611   .5183816    -5.99   0.000    -4.121621   -2.089602
                  15  |  -2.344281   .3492309    -6.71   0.000    -3.028761   -1.659801
                  16  |  -2.306943   .3505006    -6.58   0.000    -2.993911   -1.619974
                      |
                _cons |    7.69591    .566863    13.58   0.000     6.584879    8.806941
----------------------+----------------------------------------------------------------
ln_phi                |
                _cons |   1.820181   .0174898   104.07   0.000     1.785901     1.85446
---------------------------------------------------------------------------------------

. estimates store m2

. 
. scalar beta1_Day2 = _b[proportion:lnWage]

. 
. ** Money Intensity 추정
. 
. su alpha_O2 if e(sample) == 1 // 대체탄력성 = 1.2328072

    Variable |        Obs        Mean    Std. dev.       Min        Max
-------------+---------------------------------------------------------
    alpha_O2 |     10,224    .4329532    .4781188          0          1

. scalar alpha_O2_hat = r(mean)

. su alpha_I2 if e(sample) == 1

    Variable |        Obs        Mean    Std. dev.       Min        Max
-------------+---------------------------------------------------------
    alpha_I2 |     25,767    .0089913    .0258392          0   .6666667

. scalar alpha_I2_hat = r(mean)

. 
. 
. 
. *Day3
. zoib m_OTT3 lnWage i.D_weekend3 log_total_media_hour3 i.employment_type i.age i.area_siz i.h
> hldsiz i.gender i.school i.year_month3 if common_sample == 1, zeroinflate(lnWage i.D_weekend
> 3 log_total_media_hour3 i.employment_type i.age i.area_siz i.hhldsiz i.gender i.school i.yea
> r_month3) noone //robust cluster(pid) // suest 실행시 robust cluster(pid)는 주석 처리
warning: m_OTT3 has 157 values == 1; not used in calculations

Iteration 0:   log likelihood = -11355.477  
Iteration 1:   log likelihood = -9490.4301  
Iteration 2:   log likelihood = -9029.6281  
Iteration 3:   log likelihood = -9020.9789  
Iteration 4:   log likelihood = -9020.9089  
Iteration 5:   log likelihood = -9020.9016  
Iteration 6:   log likelihood = -9020.9002  
Iteration 7:   log likelihood = -9020.8999  
Iteration 8:   log likelihood = -9020.8998  
Iteration 9:   log likelihood = -9020.8998  

ML fit of zib                                           Number of obs = 25,767
                                                        Wald chi2(35) =      .
Log likelihood = -9020.8998                             Prob > chi2   =      .

---------------------------------------------------------------------------------------
               m_OTT3 | Coefficient  Std. err.      z    P>|z|     [95% conf. interval]
----------------------+----------------------------------------------------------------
proportion            |
               lnWage |   .0990347   .0260888     3.80   0.000     .0479016    .1501679
                      |
           D_weekend3 |
                주말  |   .0133988   .0250229     0.54   0.592    -.0356453    .0624428
log_total_media_hour3 |  -.5304067   .0244786   -21.67   0.000    -.5783839   -.4824295
                      |
      employment_type |
         임근 근로자  |    -.13765    .053342    -2.58   0.010    -.2421985   -.0331015
              고용주  |    -.04629   .0944114    -0.49   0.624     -.231333    .1387529
       단독 자영업자  |  -.1066967   .0607506    -1.76   0.079    -.2257658    .0123724
                      |
                  age |
          만 20-29세  |   .0215278    .257461     0.08   0.933    -.4830865     .526142
          만 30-39세  |  -.0892788   .2579769    -0.35   0.729    -.5949043    .4163467
          만 40-49세  |  -.1987459   .2577322    -0.77   0.441    -.7038916    .3063998
          만 50-59세  |  -.3229187    .257627    -1.25   0.210    -.8278583    .1820208
          만 60-69세  |  -.4501974   .2580942    -1.74   0.081    -.9560528     .055658
        만 70세 이상  |  -.5861889   .2607678    -2.25   0.025    -1.097285   -.0750933
                      |
             area_siz |
                군부  |  -.1006852   .0471941    -2.13   0.033    -.1931839   -.0081865
                      |
              hhldsiz |
            2인 가구  |   .0822491   .0548645     1.50   0.134    -.0252832    .1897815
       3인 이상 가구  |    .115544   .0516471     2.24   0.025     .0143175    .2167706
                      |
               gender |
                  여  |   .0310231   .0232447     1.33   0.182    -.0145356    .0765818
                      |
               school |
           중졸 이하  |  -.0079615    .094917    -0.08   0.933    -.1939954    .1780724
           고졸 이하  |  -.0216522   .0878309    -0.25   0.805    -.1937977    .1504932
           대졸 이하  |   .1085229   .0907532     1.20   0.232    -.0693502    .2863959
    대학원 재학 이상  |   .1480485   .1162435     1.27   0.203    -.0797845    .3758815
                      |
          year_month3 |
                   2  |   .4983201    .522706     0.95   0.340    -.5261648    1.522805
                   3  |    .574182   .5240513     1.10   0.273    -.4529395    1.601304
                   4  |    .128077   .9827316     0.13   0.896    -1.798041    2.054196
                   5  |          0  (omitted)
                   6  |      .1005   1.034883     0.10   0.923    -1.927833    2.128833
                   7  |   .4445231   .5814248     0.76   0.445    -.6950486    1.584095
                   8  |    .571902   .5224109     1.09   0.274    -.4520045    1.595808
                   9  |   .4508516   .5223367     0.86   0.388    -.5729096    1.474613
                  10  |   1.000026   .5395945     1.85   0.064    -.0575594    2.057612
                  11  |          0  (omitted)
                  12  |   .8113974   .5239718     1.55   0.121    -.2155684    1.838363
                  13  |   .5873919   .5219993     1.13   0.260    -.4357079    1.610492
                  14  |   .4102798   .5223527     0.79   0.432    -.6135126    1.434072
                  15  |   .7956165   .5312592     1.50   0.134    -.2456324    1.836865
                  16  |   .7371629   .5647065     1.31   0.192    -.3696415    1.843967
                  17  |   .5512115    .521935     1.06   0.291    -.4717622    1.574185
                  18  |   .4915884   .5221708     0.94   0.346    -.5318476    1.515024
                      |
                _cons |   1.080406   .6204747     1.74   0.082    -.1357023    2.296514
----------------------+----------------------------------------------------------------
zeroinflate           |
               lnWage |   -.047476   .0364881    -1.30   0.193    -.1189915    .0240394
                      |
           D_weekend3 |
                주말  |   -.052239   .0368904    -1.42   0.157    -.1245429    .0200649
log_total_media_hour3 |  -.5696959   .0319128   -17.85   0.000    -.6322437    -.507148
                      |
      employment_type |
         임근 근로자  |   -.257389   .0746656    -3.45   0.001    -.4037309   -.1110471
              고용주  |  -.0705736   .1381329    -0.51   0.609     -.341309    .2001619
       단독 자영업자  |  -.0690184   .0842225    -0.82   0.413    -.2340914    .0960547
                      |
                  age |
          만 20-29세  |  -.6690711   .3764091    -1.78   0.075    -1.406819    .0686773
          만 30-39세  |  -.5893486   .3770542    -1.56   0.118    -1.328361    .1496641
          만 40-49세  |  -.2582297   .3762162    -0.69   0.492    -.9955999    .4791405
          만 50-59세  |   .0259365    .376076     0.07   0.945    -.7111589     .763032
          만 60-69세  |    .113948   .3766247     0.30   0.762    -.6242227    .8521188
        만 70세 이상  |   .8194597   .3802362     2.16   0.031     .0742105    1.564709
                      |
             area_siz |
                군부  |   .0417788   .0681948     0.61   0.540    -.0918805    .1754381
                      |
              hhldsiz |
            2인 가구  |   -.084433   .0773193    -1.09   0.275    -.2359761      .06711
       3인 이상 가구  |  -.0662068   .0737358    -0.90   0.369    -.2107262    .0783127
                      |
               gender |
                  여  |   -.008547   .0353301    -0.24   0.809    -.0777928    .0606988
                      |
               school |
           중졸 이하  |  -.9099314   .1179695    -7.71   0.000    -1.141147   -.6787153
           고졸 이하  |  -1.213704   .1154045   -10.52   0.000    -1.439893   -.9875153
           대졸 이하  |  -1.286836   .1215578   -10.59   0.000    -1.525085   -1.048587
    대학원 재학 이상  |  -1.218194   .1663236    -7.32   0.000    -1.544182   -.8922056
                      |
          year_month3 |
                   2  |   -1.46503   .5924401    -2.47   0.013    -2.626191    -.303869
                   3  |  -1.262371   .5945876    -2.12   0.034    -2.427742   -.0970009
                   4  |   .5942333   1.172094     0.51   0.612     -1.70303    2.891496
                   5  |   8.883125    655.782     0.01   0.989    -1276.426    1294.192
                   6  |  -16.58995   1276.322    -0.01   0.990    -2518.136    2484.956
                   7  |  -1.958418    .689763    -2.84   0.005    -3.310329   -.6065074
                   8  |  -1.974544   .5922286    -3.33   0.001     -3.13529   -.8137968
                   9  |  -2.257547   .5920886    -3.81   0.000     -3.41802   -1.097075
                  10  |  -1.330591   .6233879    -2.13   0.033    -2.552409   -.1087735
                  11  |   10.06632    927.072     0.01   0.991    -1806.961    1827.094
                  12  |  -2.636318   .5960935    -4.42   0.000    -3.804639   -1.467996
                  13  |  -2.648365     .59167    -4.48   0.000    -3.808017   -1.488714
                  14  |  -2.808868   .5922822    -4.74   0.000     -3.96972   -1.648017
                  15  |  -2.800754   .6138309    -4.56   0.000     -4.00384   -1.597667
                  16  |  -3.518804   .7212473    -4.88   0.000    -4.932423   -2.105185
                  17  |  -2.864659   .5914921    -4.84   0.000    -4.023963   -1.705356
                  18  |  -2.956147   .5921018    -4.99   0.000    -4.116645   -1.795649
                      |
                _cons |   8.503399   .7471297    11.38   0.000     7.039052    9.967746
----------------------+----------------------------------------------------------------
ln_phi                |
                _cons |   1.819511   .0178644   101.85   0.000     1.784498    1.854525
---------------------------------------------------------------------------------------

. estimates store m3

. 
. scalar beta1_Day3 = _b[proportion:lnWage]

. 
. ** Money Intensity 추정
. 
. su alpha_O3 if e(sample) == 1 // 대체탄력성 = 1.2321418

    Variable |        Obs        Mean    Std. dev.       Min        Max
-------------+---------------------------------------------------------
    alpha_O3 |     10,061    .4467303    .4801144          0          1

. scalar alpha_O3_hat = r(mean)

. su alpha_I3 if e(sample) == 1

    Variable |        Obs        Mean    Std. dev.       Min        Max
-------------+---------------------------------------------------------
    alpha_I3 |     25,767    .0089864    .0271258          0   .6511628

. scalar alpha_I3_hat = r(mean)

. 
. 
. 
. 
. ** Elasticity
. scalar sigma1 = beta1_Day1 / (alpha_O1_hat - alpha_I1_hat) + 1

. scalar sigma2 = beta1_Day2 / (alpha_O2_hat - alpha_I2_hat) + 1

. scalar sigma3 = beta1_Day3 / (alpha_O3_hat - alpha_I3_hat) + 1

. 
. di sigma1 sigma2 sigma3
1.16570261.22615881.226239

. 
. 
. ** 표 저장
. esttab m1 m2 m3 using "./output/table/zib_table.tex", ///
>     replace                 /* 기존 파일 덮어쓰기 */  ///
>     label                   /* 변수 라벨 사용 */       ///
>     b(%9.3f) se(%9.3f)      /* 계수(b)와 표준 오차(se) 소수점 자리 지정 */ ///
>     star(* 0.10 ** 0.05 *** 0.01) /* 유의 수준 지정 */ ///
>     title("ZIB Results")    /* 표 제목 지정 */      ///
>     nonotes                 /* 주석(notes) 제거 */     ///
>     drop(_cons)             /* 상수항 제거 (선택 사항) */ ///
>     mtitle(Day\_1 Day\_2 Day\_3) /* 각 모델의 제목 지정 */ ///
>     nogaps                  /* 열 간격 제거 */         ///
>     stats(r2 N, fmt(%9.3f 0)) /* R-squared와 N 출력 형식 지정 */ ///
>     booktabs
(output written to ./output/table/zib_table.tex)

. 
. log close
      name:  <unnamed>
       log:  /Users/doheun/Documents/Stata/IODS_2025/output/log/regression.log
  log type:  text
 closed on:   9 Dec 2025, 15:49:11
----------------------------------------------------------------------------------------------
